C51 COMPILER V9.01   LCD                                                                   02/22/2014 16:01:41 PAGE 1   


C51 COMPILER V9.01, COMPILATION OF MODULE LCD
OBJECT MODULE PLACED IN LCD.obj
COMPILER INVOKED BY: C:\Keil\C51\BIN\C51.EXE LCD\LCD.c LARGE BROWSE DEBUG OBJECTEXTEND PRINT(.\LCD.lst) OBJECT(LCD.obj)

line level    source

   1          #include <reg51.h>
   2          #include <intrins.h>
   3          #include <font\font.h>
   4          #include <sys\sys.h>
   5          #include <lcd\lcd.h>
   6          /* http://ttmcu.taobao.com 雨亭电子
   7          代码测试环境:JME-2核心板+1T指令周期的STC单片机（51内核STC12LE5A60S2)+33M晶振      单片机工作电压3.3V
   8          程序默认IO连接方式：
   9          控制线：RS-P3^5;    WR-P3^6;   RD-P3^7;   CS-P1^0;   REST-P1^2;
  10          数据线: DB0-DB7依次连接P0^0-P0^7;  DB8-DB15依次连接P2^0-P2^7;（8位模式下DB0-DB7可以不连接）
  11          触摸功能连接方式：(不使用触摸可不连接)
  12          D_CLK-P1^7;  D_CS-P1^4;  D_DIN-P3^0;  D_OUT-P3^1;  D_PENIRQ-P3^4;
  13          */
  14          u16 BACK_COLOR, POINT_COLOR;   //背景色，画笔色
  15          
  16          u16  HDP=799;
  17          u16  HT=928;
  18          u16  HPS=46;
  19          u16  LPS=15;
  20          u8   HPW=48;
  21          
  22          u16  VDP=479;
  23          u16  VT=525;
  24          u16  VPS=16;
  25          u16  FPS=8;
  26          u8   VPW=16;
  27          
  28          
  29          #ifdef  Bus_16    //条件编译-16位数据模式   
  30          void LCD_Writ_Bus(char VH,char VL)   //并行数据写入函数
  31          {
  32   1          LCD_DataPortH=VH;   
  33   1              LCD_DataPortL=VL;               
  34   1              LCD_WR=0;
  35   1              LCD_WR=1; 
  36   1      }
  37          #else                   //条件编译-8位数据模式 
              void LCD_Writ_Bus(char VH,char VL)   //并行数据写入函数
              {       
                  LCD_DataPortH=VH;   
                      LCD_WR=0;
                      LCD_WR=1;
                      LCD_DataPortH=VL;               
                      LCD_WR=0;
                      LCD_WR=1;
              }
              #endif
  48          void LCD_WR_DATA8(char VH,char VL) //发送数据-8位参数
  49          {
  50   1          LCD_RS=1;
  51   1              LCD_Writ_Bus(VH,VL);
  52   1      }  
  53           void LCD_WR_DATA(int da)
  54          {
  55   1          LCD_RS=1;
C51 COMPILER V9.01   LCD                                                                   02/22/2014 16:01:41 PAGE 2   

  56   1              LCD_Writ_Bus(da>>8,da);
  57   1      }         
  58          void LCD_WR_REG(int da)  
  59          {       
  60   1          LCD_RS=0;
  61   1              LCD_Writ_Bus(da>>8,da);
  62   1      }
  63           void LCD_WR_REG_DATA(int reg,int da)
  64          {
  65   1          LCD_WR_REG(reg);
  66   1              LCD_WR_DATA(da);
  67   1      }
  68          void Address_set(unsigned int x1,unsigned int y1,unsigned int x2,unsigned int y2)
  69          { 
  70   1              LCD_WR_REG(0x002A);     
  71   1              LCD_WR_DATA(x1>>8);         
  72   1              LCD_WR_DATA(x1&0x00ff);
  73   1              LCD_WR_DATA(x2>>8);         
  74   1              LCD_WR_DATA(x2&0x00ff);
  75   1          LCD_WR_REG(0x002b); 
  76   1              LCD_WR_DATA(y1>>8);         
  77   1              LCD_WR_DATA(y1&0x00ff);
  78   1              LCD_WR_DATA(y2>>8);         
  79   1              LCD_WR_DATA(y2&0x00ff);
  80   1              LCD_WR_REG(0x002c);                                                                                      
  81   1      }
  82          void Lcd_Init(void)
  83          {
  84   1      
  85   1      //调用一次这些函数，免得编译的时候提示警告
  86   1              LCD_CS =1;
  87   1              if(LCD_CS==0)
  88   1              {
  89   2                 LCD_WR_REG_DATA(0,0);
  90   2                 LCD_ShowString(0,0," ");
  91   2                 LCD_ShowNum(0,0,0,0);
  92   2                 LCD_Show2Num(0,0,0,0);
  93   2                 LCD_DrawPoint_big(0,0);
  94   2                 LCD_DrawRectangle(0,0,0,0);
  95   2                 Draw_Circle(0,0,0);
  96   2          }
  97   1              LCD_RD=1;
  98   1              LCD_WR=1;
  99   1              LCD_REST=0;
 100   1              delayms(20);    //此处保证要有5ms以上才能保证复位稳定,推荐20ms
 101   1              LCD_REST=1;     
 102   1              delayms(20);    //此处保证要有5ms以上才能保证复位稳定,推荐20ms          
 103   1              LCD_CS =0;  //打开片选使能
 104   1      
 105   1              LCD_WR_REG(0x00E2);     //PLL multiplier, set PLL clock to 120M
 106   1              LCD_WR_DATA(0x0023);        //N=0x36 for 6.5M, 0x23 for 10M crystal
 107   1              LCD_WR_DATA(0x0002);
 108   1              LCD_WR_DATA(0x0004);
 109   1              LCD_WR_REG(0x00E0);  // PLL enable
 110   1              LCD_WR_DATA(0x0001);
 111   1              delayms(1);
 112   1              LCD_WR_REG(0x00E0);
 113   1              LCD_WR_DATA(0x0003);
 114   1              delayms(5);
 115   1              LCD_WR_REG(0x0001);  // software reset
 116   1              delayms(5);
 117   1              LCD_WR_REG(0x00E6);     //PLL setting for PCLK, depends on resolution
C51 COMPILER V9.01   LCD                                                                   02/22/2014 16:01:41 PAGE 3   

 118   1              LCD_WR_DATA(0x0003);
 119   1              LCD_WR_DATA(0x00ff);
 120   1              LCD_WR_DATA(0x00ff);
 121   1      
 122   1              LCD_WR_REG(0x00B0);     //LCD SPECIFICATION
 123   1              LCD_WR_DATA(0x0027);
 124   1              LCD_WR_DATA(0x0000);
 125   1              LCD_WR_DATA((HDP>>8)&0X00FF);  //Set HDP
 126   1              LCD_WR_DATA(HDP&0X00FF);
 127   1          LCD_WR_DATA((VDP>>8)&0X00FF);  //Set VDP
 128   1              LCD_WR_DATA(VDP&0X00FF);
 129   1          LCD_WR_DATA(0x0000);
 130   1      
 131   1              LCD_WR_REG(0x00B4);     //HSYNC
 132   1              LCD_WR_DATA((HT>>8)&0X00FF);  //Set HT
 133   1              LCD_WR_DATA(HT&0X00FF);
 134   1              LCD_WR_DATA((HPS>>8)&0X00FF);  //Set HPS
 135   1              LCD_WR_DATA(HPS&0X00FF);
 136   1              LCD_WR_DATA(HPW);                          //Set HPW
 137   1              LCD_WR_DATA((LPS>>8)&0X00FF);  //Set HPS
 138   1              LCD_WR_DATA(LPS&0X00FF);
 139   1              LCD_WR_DATA(0x0000);
 140   1      
 141   1              LCD_WR_REG(0x00B6);     //VSYNC
 142   1              LCD_WR_DATA((VT>>8)&0X00FF);   //Set VT
 143   1              LCD_WR_DATA(VT&0X00FF);
 144   1              LCD_WR_DATA((VPS>>8)&0X00FF);  //Set VPS
 145   1              LCD_WR_DATA(VPS&0X00FF);
 146   1              LCD_WR_DATA(VPW);                          //Set VPW
 147   1              LCD_WR_DATA((FPS>>8)&0X00FF);  //Set FPS
 148   1              LCD_WR_DATA(FPS&0X00FF);
 149   1      
 150   1              LCD_WR_REG(0x00BA);
 151   1              LCD_WR_DATA(0x000F);    //GPIO[3:0] out 1
 152   1      
 153   1              LCD_WR_REG(0x00B8);
 154   1              LCD_WR_DATA(0x0007);    //GPIO3=input, GPIO[2:0]=output
 155   1              LCD_WR_DATA(0x0001);    //GPIO0 normal
 156   1      
 157   1              LCD_WR_REG(0x0036); //rotation
 158   1              LCD_WR_DATA(0x0000);
 159   1      
 160   1              LCD_WR_REG(0x00F0); //pixel data interface
 161   1              LCD_WR_DATA(0x0003);
 162   1      
 163   1      
 164   1              delayms(5);
 165   1      
 166   1              LCD_WR_REG(0x0029); //display on
 167   1      
 168   1      
 169   1      
 170   1              LCD_WR_REG(0x00d0); 
 171   1              LCD_WR_DATA(0x000d);
 172   1      
 173   1      
 174   1      }
 175          //清屏函数
 176          //Color:要清屏的填充色
 177          void LCD_Clear(u16 Color)
 178          {
 179   1              u8 VH,VL;
C51 COMPILER V9.01   LCD                                                                   02/22/2014 16:01:41 PAGE 4   

 180   1              u16 i,j;
 181   1              VH=Color>>8;
 182   1              VL=Color;       
 183   1              Address_set(0,0,LCD_W-1,LCD_H-1);
 184   1          for(i=0;i<LCD_W;i++)
 185   1               {
 186   2                for (j=0;j<LCD_H;j++)
 187   2                      {
 188   3                       LCD_WR_DATA8(VH,VL);
 189   3                  }
 190   2      
 191   2                }
 192   1      }
 193          //画点
 194          //POINT_COLOR:此点的颜色
 195          void LCD_DrawPoint(u16 x,u16 y)
 196          {
 197   1              Address_set(x,y,x,y);//设置光标位置 
 198   1              LCD_WR_DATA(POINT_COLOR);           
 199   1      }        
 200          //画一个大点
 201          //POINT_COLOR:此点的颜色
 202          void LCD_DrawPoint_big(u16 x,u16 y)
 203          {
 204   1              LCD_Fill(x-1,y-1,x+1,y+1,POINT_COLOR);
 205   1      } 
 206          //在指定区域内填充指定颜色
 207          //区域大小:
 208          //  (xend-xsta)*(yend-ysta)
 209          void LCD_Fill(u16 xsta,u16 ysta,u16 xend,u16 yend,u16 color)
 210          {          
 211   1              u16 i,j; 
 212   1              Address_set(xsta,ysta,xend,yend);      //设置光标位置 
 213   1              for(i=ysta;i<=yend;i++)
 214   1              {                                                                                                                       
 215   2                      for(j=xsta;j<=xend;j++)LCD_WR_DATA(color);//设置光标位置            
 216   2              }                                                   
 217   1      }  
 218          //画线
 219          //x1,y1:起点坐标
 220          //x2,y2:终点坐标  
 221          void LCD_DrawLine(u16 x1, u16 y1, u16 x2, u16 y2)
 222          {
 223   1              u16 t; 
 224   1              int xerr=0,yerr=0,delta_x,delta_y,distance; 
 225   1              int incx,incy,uRow,uCol; 
 226   1      
 227   1              delta_x=x2-x1; //计算坐标增量 
 228   1              delta_y=y2-y1; 
 229   1              uRow=x1; 
 230   1              uCol=y1; 
 231   1              if(delta_x>0)incx=1; //设置单步方向 
 232   1              else if(delta_x==0)incx=0;//垂直线 
 233   1              else {incx=-1;delta_x=-delta_x;} 
 234   1              if(delta_y>0)incy=1; 
 235   1              else if(delta_y==0)incy=0;//水平线 
 236   1              else{incy=-1;delta_y=-delta_y;} 
 237   1              if( delta_x>delta_y)distance=delta_x; //选取基本增量坐标轴 
 238   1              else distance=delta_y; 
 239   1              for(t=0;t<=distance+1;t++ )//画线输出 
 240   1              {  
 241   2                      LCD_DrawPoint(uRow,uCol);//画点 
C51 COMPILER V9.01   LCD                                                                   02/22/2014 16:01:41 PAGE 5   

 242   2                      xerr+=delta_x ; 
 243   2                      yerr+=delta_y ; 
 244   2                      if(xerr>distance) 
 245   2                      { 
 246   3                              xerr-=distance; 
 247   3                              uRow+=incx; 
 248   3                      } 
 249   2                      if(yerr>distance) 
 250   2                      { 
 251   3                              yerr-=distance; 
 252   3                              uCol+=incy; 
 253   3                      } 
 254   2              }  
 255   1      }    
 256          //画矩形
 257          void LCD_DrawRectangle(u16 x1, u16 y1, u16 x2, u16 y2)
 258          {
 259   1              LCD_DrawLine(x1,y1,x2,y1);
 260   1              LCD_DrawLine(x1,y1,x1,y2);
 261   1              LCD_DrawLine(x1,y2,x2,y2);
 262   1              LCD_DrawLine(x2,y1,x2,y2);
 263   1      }
 264          //在指定位置画一个指定大小的圆
 265          //(x,y):中心点
 266          //r    :半径
 267          void Draw_Circle(u16 x0,u16 y0,u8 r)
 268          {
 269   1              int a,b;
 270   1              int di;
 271   1              a=0;b=r;          
 272   1              di=3-(r<<1);             //判断下个点位置的标志
 273   1              while(a<=b)
 274   1              {
 275   2                      LCD_DrawPoint(x0-b,y0-a);             //3           
 276   2                      LCD_DrawPoint(x0+b,y0-a);             //0           
 277   2                      LCD_DrawPoint(x0-a,y0+b);             //1       
 278   2                      LCD_DrawPoint(x0-b,y0-a);             //7           
 279   2                      LCD_DrawPoint(x0-a,y0-b);             //2             
 280   2                      LCD_DrawPoint(x0+b,y0+a);             //4               
 281   2                      LCD_DrawPoint(x0+a,y0-b);             //5
 282   2                      LCD_DrawPoint(x0+a,y0+b);             //6 
 283   2                      LCD_DrawPoint(x0-b,y0+a);             
 284   2                      a++;
 285   2                      //使用Bresenham算法画圆     
 286   2                      if(di<0)di +=4*a+6;       
 287   2                      else
 288   2                      {
 289   3                              di+=10+4*(a-b);   
 290   3                              b--;
 291   3                      } 
 292   2                      LCD_DrawPoint(x0+a,y0+b);
 293   2              }
 294   1      } 
 295          //在指定位置显示一个字符
 296          
 297          //num:要显示的字符:" "--->"~"
 298          //mode:叠加方式(1)还是非叠加方式(0)
 299          //在指定位置显示一个字符
 300          
 301          //num:要显示的字符:" "--->"~"
 302          
 303          //mode:叠加方式(1)还是非叠加方式(0)
C51 COMPILER V9.01   LCD                                                                   02/22/2014 16:01:41 PAGE 6   

 304          void LCD_ShowChar(u16 x,u16 y,u8 num,u8 mode)
 305          {
 306   1          u8 temp;
 307   1          u8 pos,t;
 308   1              u16 x0=x;
 309   1              u16 colortemp=POINT_COLOR;      
 310   1          if(x>LCD_W-16||y>LCD_H-16)return;       
 311   1              //设置窗口                 
 312   1              num=num-' ';//得到偏移后的值
 313   1              Address_set(x,y,x+8-1,y+16-1);      //设置光标位置 
 314   1              if(!mode) //非叠加方式
 315   1              {
 316   2                      for(pos=0;pos<16;pos++)
 317   2                      { 
 318   3                              temp=asc2_1608[(u16)num*16+pos];                 //调用1608字体
 319   3                              for(t=0;t<8;t++)
 320   3                          {                 
 321   4                              if(temp&0x01)POINT_COLOR=colortemp;
 322   4                                      else POINT_COLOR=BACK_COLOR;
 323   4                                      LCD_WR_DATA(POINT_COLOR);       
 324   4                                      temp>>=1; 
 325   4                                      x++;
 326   4                          }
 327   3                              x=x0;
 328   3                              y++;
 329   3                      }       
 330   2              }else//叠加方式
 331   1              {
 332   2                      for(pos=0;pos<16;pos++)
 333   2                      {
 334   3                          temp=asc2_1608[(u16)num*16+pos];             //调用1608字体
 335   3                              for(t=0;t<8;t++)
 336   3                          {                 
 337   4                              if(temp&0x01)LCD_DrawPoint(x+t,y+pos);//画一个点     
 338   4                              temp>>=1; 
 339   4                          }
 340   3                      }
 341   2              }
 342   1              POINT_COLOR=colortemp;                            
 343   1      }   
 344          //m^n函数
 345          u32 mypow(u8 m,u8 n)
 346          {
 347   1              u32 result=1;    
 348   1              while(n--)result*=m;    
 349   1              return result;
 350   1      }                        
 351          //显示2个数字
 352          //x,y :起点坐标  
 353          //len :数字的位数
 354          //color:颜色
 355          //num:数值(0~4294967295);       
 356          void LCD_ShowNum(u16 x,u16 y,u32 num,u8 len)
 357          {               
 358   1              u8 t,temp;
 359   1              u8 enshow=0;
 360   1              num=(u16)num;
 361   1              for(t=0;t<len;t++)
 362   1              {
 363   2                      temp=(num/mypow(10,len-t-1))%10;
 364   2                      if(enshow==0&&t<(len-1))
 365   2                      {
C51 COMPILER V9.01   LCD                                                                   02/22/2014 16:01:41 PAGE 7   

 366   3                              if(temp==0)
 367   3                              {
 368   4                                      LCD_ShowChar(x+8*t,y,' ',0);
 369   4                                      continue;
 370   4                              }else enshow=1; 
 371   3                               
 372   3                      }
 373   2                      LCD_ShowChar(x+8*t,y,temp+48,0); 
 374   2              }
 375   1      } 
 376          //显示2个数字
 377          //x,y:起点坐标
 378          //num:数值(0~99);        
 379          void LCD_Show2Num(u16 x,u16 y,u16 num,u8 len)
 380          {               
 381   1              u8 t,temp;                                                 
 382   1              for(t=0;t<len;t++)
 383   1              {
 384   2                      temp=(num/mypow(10,len-t-1))%10;
 385   2                      LCD_ShowChar(x+8*t,y,temp+'0',0); 
 386   2              }
 387   1      } 
 388          //显示字符串
 389          //x,y:起点坐标  
 390          //*p:字符串起始地址
 391          //用16字体
 392          void LCD_ShowString(u16 x,u16 y,const u8 *p)
 393          {         
 394   1          while(*p!='\0')
 395   1          {       
 396   2              if(x>LCD_W-16){x=0;y+=16;}
 397   2              if(y>LCD_H-16){y=x=0;LCD_Clear(RED);}
 398   2              LCD_ShowChar(x,y,*p,0);
 399   2              x+=8;
 400   2              p++;
 401   2          }  
 402   1      }
 403          
 404          
 405          
 406          
 407          
 408          
 409          
 410          
 411          
 412          
 413          
 414          


MODULE INFORMATION:   STATIC OVERLAYABLE
   CODE SIZE        =   3038    ----
   CONSTANT SIZE    =      2    ----
   XDATA SIZE       =     22     115
   PDATA SIZE       =   ----    ----
   DATA SIZE        =   ----    ----
   IDATA SIZE       =   ----    ----
   BIT SIZE         =   ----    ----
END OF MODULE INFORMATION.


C51 COMPILATION COMPLETE.  0 WARNING(S),  0 ERROR(S)
